2020/03/24 18:35:44 Listening on :8000

[35m(/home/joey/go/src/scorecards/leaderboard.go:74)[0m 
[33m[2020-03-24 18:35:48][0m  [36;1m[34.29ms][0m   select p.name,count(gp.player_id) as value from game_players gp
					left join players p on p.id = gp.player_id
					group by gp.player_id
					order by count(gp.player_id) desc  
[36;31m[6 rows affected or returned ][0m 

[35m(/home/joey/go/src/scorecards/leaderboard.go:74)[0m 
[33m[2020-03-24 18:35:48][0m  [36;1m[9.38ms][0m   select p.name, min(s.total_score) as value from
					(
						select player_id, game_id, sum(score) as total_score from game_scores group by game_id, player_id
					) s
					left join players p on p.id=s.player_id
					group by s.player_id
					order by value  
[36;31m[6 rows affected or returned ][0m 

[35m(/home/joey/go/src/scorecards/leaderboard.go:74)[0m 
[33m[2020-03-24 18:35:48][0m  [36;1m[21.18ms][0m   select p.name,count(gs.player_id) as value from game_scores gs
					left join games g on g.id = gs.game_id
					left join course_pars cp on cp.course_id = g.course_id and IF(g.front,gs.hole_num,gs.hole_num+9) = cp.hole_num
					left join players p on p.id = gs.player_id
					where gs.score=cp.par
					group by gs.player_id
					order by value desc  
[36;31m[6 rows affected or returned ][0m 

[35m(/home/joey/go/src/scorecards/leaderboard.go:74)[0m 
[33m[2020-03-24 18:35:48][0m  [36;1m[18.77ms][0m   select p.name,count(gs.player_id) as value from game_scores gs
					left join games g on g.id = gs.game_id
					left join course_pars cp on cp.course_id = g.course_id and IF(g.front,gs.hole_num,gs.hole_num+9) = cp.hole_num
					left join players p on p.id = gs.player_id
					where gs.score=cp.par-1
					group by gs.player_id
					order by value desc  
[36;31m[5 rows affected or returned ][0m 

[35m(/home/joey/go/src/scorecards/leaderboard.go:74)[0m 
[33m[2020-03-24 18:35:49][0m  [36;1m[23.55ms][0m   select p.name,count(gs.player_id) as value from game_scores gs
					left join games g on g.id = gs.game_id
					left join course_pars cp on cp.course_id = g.course_id and IF(g.front,gs.hole_num,gs.hole_num+9) = cp.hole_num
					left join players p on p.id = gs.player_id
					where gs.score=cp.par-2
					group by gs.player_id
					order by value desc  
[36;31m[2 rows affected or returned ][0m 

[95m[4mForm: /getgamenew[0m
[36mid [0m..... 130

[35m(/home/joey/go/src/scorecards/scorecards.go:176)[0m 
[33m[2020-03-24 18:35:51][0m  [36;1m[1.89ms][0m  SELECT * FROM `games`  WHERE (id = '130')  
[36;31m[1 rows affected or returned ][0m 

[35m(/home/joey/go/src/scorecards/scorecards.go:183)[0m 
[33m[2020-03-24 18:35:51][0m  [36;1m[2.82ms][0m  SELECT * FROM `course_pars`  WHERE (course_id = 1) ORDER BY hole_num asc  
[36;31m[18 rows affected or returned ][0m 

[35m(/home/joey/go/src/scorecards/scorecards.go:198)[0m 
[33m[2020-03-24 18:35:51][0m  [36;1m[1.01ms][0m   SELECT p.* FROM game_players gp INNER JOIN players p ON p.id=gp.player_id WHERE gp.game_id = '130'  
[36;31m[3 rows affected or returned ][0m 

[35m(/home/joey/go/src/scorecards/scorecards.go:210)[0m 
[33m[2020-03-24 18:35:51][0m  [36;1m[2.24ms][0m  SELECT * FROM `game_scores`  WHERE (game_id = '130')  
[36;31m[27 rows affected or returned ][0m 

[95m[4mForm: /setscorenew[0m
[36mscore[6][5] [0m..... 5
[36mscore[9][1] [0m..... 5
[36mscore[2][5] [0m..... 5
[36mscore[4][5] [0m..... 7
[36mscore[6][1] [0m..... 4
[36mscore[9][5] [0m..... 6
[36mscore[3][2] [0m..... 7
[36mscore[4][2] [0m..... 4
[36mscore[7][5] [0m..... 5
[36mscore[3][5] [0m..... 7
[36mscore[5][2] [0m..... 6
[36mscore[1][5] [0m..... 5
[36mscore[2][1] [0m..... 6
[36mscore[3][1] [0m..... 7
[36mholes       [0m..... 9
[36mscore[1][2] [0m..... 5
[36mscore[8][5] [0m..... 6
[36mgameID      [0m..... 130
[36mscore[4][1] [0m..... 7
[36mscore[7][1] [0m..... 4
[36mscore[8][1] [0m..... 6
[36mscore[7][2] [0m..... 3
[36mscore[8][2] [0m..... 6
[36mplayers     [0m..... 1,2,5
[36mscore[5][1] [0m..... 4
[36mscore[5][5] [0m..... 7
[36mscore[9][2] [0m..... 6
[36mscore[1][1] [0m..... 8
[36mscore[2][2] [0m..... 5
[36mscore[6][2] [0m..... 5

[35m(/home/joey/go/src/scorecards/scorecards.go:271)[0m 
[33m[2020-03-24 18:35:55][0m  [36;1m[5.44ms][0m  SELECT * FROM `games`  WHERE (id = '130')  
[36;31m[1 rows affected or returned ][0m 
2020/03/24 18:35:55 SetScoreNew error: cannot change game score after 1 hour of ending

[95m[4mForm: /getgamenew[0m
[36mid [0m..... 130

[35m(/home/joey/go/src/scorecards/scorecards.go:176)[0m 
[33m[2020-03-24 18:35:57][0m  [36;1m[0.67ms][0m  SELECT * FROM `games`  WHERE (id = '130')  
[36;31m[1 rows affected or returned ][0m 

[35m(/home/joey/go/src/scorecards/scorecards.go:183)[0m 
[33m[2020-03-24 18:35:57][0m  [36;1m[0.80ms][0m  SELECT * FROM `course_pars`  WHERE (course_id = 1) ORDER BY hole_num asc  
[36;31m[18 rows affected or returned ][0m 

[35m(/home/joey/go/src/scorecards/scorecards.go:198)[0m 
[33m[2020-03-24 18:35:57][0m  [36;1m[0.80ms][0m   SELECT p.* FROM game_players gp INNER JOIN players p ON p.id=gp.player_id WHERE gp.game_id = '130'  
[36;31m[3 rows affected or returned ][0m 

[35m(/home/joey/go/src/scorecards/scorecards.go:210)[0m 
[33m[2020-03-24 18:35:57][0m  [36;1m[1.30ms][0m  SELECT * FROM `game_scores`  WHERE (game_id = '130')  
[36;31m[27 rows affected or returned ][0m 

[95m[4mForm: /setscorenew[0m
[36mscore[5][5] [0m..... 7
[36mscore[6][5] [0m..... 5
[36mgameID      [0m..... 130
[36mscore[1][5] [0m..... 5
[36mscore[5][1] [0m..... 4
[36mscore[6][1] [0m..... 4
[36mscore[7][2] [0m..... 3
[36mscore[9][5] [0m..... 6
[36mscore[7][1] [0m..... 4
[36mholes       [0m..... 9
[36mscore[1][1] [0m..... 5
[36mscore[1][2] [0m..... 5
[36mscore[2][1] [0m..... 6
[36mscore[5][2] [0m..... 6
[36mscore[3][1] [0m..... 7
[36mscore[3][5] [0m..... 7
[36mscore[6][2] [0m..... 5
[36mscore[8][5] [0m..... 6
[36mplayers     [0m..... 1,2,5
[36mscore[2][2] [0m..... 6
[36mscore[3][2] [0m..... 7
[36mscore[8][1] [0m..... 6
[36mscore[8][2] [0m..... 6
[36mscore[2][5] [0m..... 5
[36mscore[4][1] [0m..... 7
[36mscore[4][2] [0m..... 4
[36mscore[4][5] [0m..... 7
[36mscore[7][5] [0m..... 5
[36mscore[9][1] [0m..... 5
[36mscore[9][2] [0m..... 6

[35m(/home/joey/go/src/scorecards/scorecards.go:271)[0m 
[33m[2020-03-24 18:36:03][0m  [36;1m[0.61ms][0m  SELECT * FROM `games`  WHERE (id = '130')  
[36;31m[1 rows affected or returned ][0m 
2020/03/24 18:36:03 SetScoreNew error: cannot change game score after 1 hour of ending

[95m[4mForm: /getgamenew[0m
[36mid [0m..... 130

[35m(/home/joey/go/src/scorecards/scorecards.go:176)[0m 
[33m[2020-03-24 18:36:05][0m  [36;1m[1.18ms][0m  SELECT * FROM `games`  WHERE (id = '130')  
[36;31m[1 rows affected or returned ][0m 

[35m(/home/joey/go/src/scorecards/scorecards.go:183)[0m 
[33m[2020-03-24 18:36:05][0m  [36;1m[1.60ms][0m  SELECT * FROM `course_pars`  WHERE (course_id = 1) ORDER BY hole_num asc  
[36;31m[18 rows affected or returned ][0m 

[35m(/home/joey/go/src/scorecards/scorecards.go:198)[0m 
[33m[2020-03-24 18:36:05][0m  [36;1m[1.63ms][0m   SELECT p.* FROM game_players gp INNER JOIN players p ON p.id=gp.player_id WHERE gp.game_id = '130'  
[36;31m[3 rows affected or returned ][0m 

[35m(/home/joey/go/src/scorecards/scorecards.go:210)[0m 
[33m[2020-03-24 18:36:05][0m  [36;1m[2.64ms][0m  SELECT * FROM `game_scores`  WHERE (game_id = '130')  
[36;31m[27 rows affected or returned ][0m 
